<?xml version="1.0" encoding="UTF-8"?>
<!-- Generated by org.testng.reporters.JUnitReportReporter -->
<testsuite name="Guru99Test.LoginFunc_Tc1" tests="1" time="1.013" ignored="0" failures="0" timestamp="18 Jan 2017 12:01:38 GMT" skipped="0" hostname="DeepakS" errors="0">
  <testcase name="tc2" time="1.013" classname="Guru99Test.LoginFunc_Tc1"/>
</testsuite> <!-- Guru99Test.LoginFunc_Tc1 -->
