<?xml version="1.0" encoding="UTF-8"?>
<!-- Generated by org.testng.reporters.JUnitReportReporter -->
<testsuite name="Guru99Test.NewCustomer" tests="1" time="78.041" ignored="0" failures="0" timestamp="17 Jan 2017 07:23:24 GMT" skipped="0" hostname="DeepakS" errors="0">
  <testcase name="newcustomer" time="78.041" classname="Guru99Test.NewCustomer"/>
</testsuite> <!-- Guru99Test.NewCustomer -->
