<?xml version="1.0" encoding="UTF-8"?>
<!-- Generated by org.testng.reporters.JUnitReportReporter -->
<testsuite name="Guru99Test.LoginFunc_Tc1" tests="1" time="28.053" ignored="0" failures="0" timestamp="22 Jan 2017 16:17:00 GMT" skipped="0" hostname="SHIV" errors="0">
  <testcase name="openApplication" time="28.053" classname="Guru99Test.LoginFunc_Tc1"/>
</testsuite> <!-- Guru99Test.LoginFunc_Tc1 -->
